<?xml version="1.0" encoding="UTF-8"?>
<!-- Generated by org.testng.reporters.JUnitReportReporter -->
<testsuite hostname="PRFT-17165" name="xboxtestcases.topFiveGames" tests="1" failures="0" timestamp="3 May 2022 06:30:45 GMT" time="22.562" errors="0">
  <testcase name="testTopGames" time="22.562" classname="xboxtestcases.topFiveGames"/>
</testsuite> <!-- xboxtestcases.topFiveGames -->
