<?xml version="1.0" encoding="UTF-8"?>
<!-- Generated by org.testng.reporters.JUnitReportReporter -->
<testsuite skipped="0" hostname="PRFT-17165" name="xboxbasepages.test1" tests="1" failures="0" timestamp="2022-02-28T09:40:09 CST" time="7.023" errors="0">
  <testcase name="xpathfind" time="7.023" classname="xboxbasepages.test1"/>
  <system-out/>
</testsuite> <!-- xboxbasepages.test1 -->
