<?xml version="1.0" encoding="UTF-8"?>
<!-- Generated by org.testng.reporters.JUnitReportReporter -->
<testsuite hostname="PRFT-17165" name="xboxtestcases.xboxtestcases" tests="1" failures="0" timestamp="3 May 2022 05:30:02 GMT" time="19.253" errors="0">
  <testcase name="testGamertag" time="19.253" classname="xboxtestcases.xboxtestcases"/>
</testsuite> <!-- xboxtestcases.xboxtestcases -->
